<?xml version="1.0" encoding="UTF-8"?>
<testsuite xmlns:xsi="http://www.w3.org/2001/XMLSchema-instance" xsi:noNamespaceSchemaLocation="https://maven.apache.org/surefire/maven-surefire-plugin/xsd/surefire-test-report.xsd" name="TestSuite" time="14.192" tests="16" errors="0" skipped="1" failures="3">
  <properties>
[...]
</properties>
  <testcase name="testDiv" classname="myTestNgTest.MyFirstTest" time="0.47">
    <failure message="expected [3] but found [4]" type="java.lang.AssertionError">java.lang.AssertionError: expected [3] but found [4]
	at myTestNgTest.MyFirstTest.testDiv(MyFirstTest.java:38)
</failure>
    <system-out><![CDATA[Open chrome browse
This is before method
]]></system-out>
    <system-err><![CDATA[SLF4J: Failed to load class "org.slf4j.impl.StaticLoggerBinder".
SLF4J: Defaulting to no-operation (NOP) logger implementation
SLF4J: See http://www.slf4j.org/codes.html#StaticLoggerBinder for further details.
]]></system-err>
  </testcase>
  <testcase name="testDif" classname="myTestNgTest.MyFirstTest" time="0"/>
  <testcase name="testSum" classname="myTestNgTest.MyFirstTest" time="0">
    <failure message="Failed expected [10] but found [9]" type="java.lang.AssertionError">java.lang.AssertionError: Failed expected [10] but found [9]
	at myTestNgTest.MyFirstTest.testSum(MyFirstTest.java:31)
</failure>
    <system-out><![CDATA[Take screenshots
This is before method
]]></system-out>
  </testcase>
  <testcase name="testMul" classname="myTestNgTest.MyFirstTest" time="0"/>
  <testcase name="myTest" classname="myTestNgTest.TestDataProvider" time="0.025"/>
  <testcase name="myTest" classname="myTestNgTest.TestDataProvider" time="0.005"/>
  <testcase name="myTest" classname="myTestNgTest.TestDataProvider" time="0.005"/>
  <testcase name="myTest" classname="myTestNgTest.TestDataProvider" time="0.01"/>
  <testcase name="myTest" classname="myTestNgTest.TestDataProvider" time="0.01"/>
  <testcase name="testCheckUserLog" classname="myTestNgTest.TestDataProvider1" time="0.01"/>
  <testcase name="testCheckUserLog" classname="myTestNgTest.TestDataProvider1" time="0.005"/>
  <testcase name="testCheckUserLog" classname="myTestNgTest.TestDataProvider1" time="0"/>
  <testcase name="testCheckUserLog" classname="myTestNgTest.TestDataProvider1" time="0.005"/>
  <testcase name="createNewUserTest" classname="myTestNgTest.TestUser" time="0.005">
    <failure type="java.lang.AssertionError:">java.lang.AssertionError: null
	at myTestNgTest.TestUser.createNewUserTest(TestUser.java:11)
</failure>
    <system-out><![CDATA[Creating new user
]]></system-out>
  </testcase>
  <testcase name="checkCreateUser" classname="myTestNgTest.TestUser" time="0">
    <skipped message="Method TestUser.checkCreateUser()[pri:0, instance:myTestNgTest.TestUser@47f08b81] depends on not successfully finished methods"/>
  </testcase>
  <testcase name="test1" classname="myTestNgTest.TestUser" time="0.005"/>
</testsuite>